<?xml version="1.0" encoding="UTF-8"?>
<!-- Generated by org.testng.reporters.JUnitReportReporter -->
<testsuite skipped="0" hostname="DESKTOP-J6NTI77" name="test.AddCustomerTest2" tests="1" failures="0" timestamp="23 Jan 2023 18:57:39 GMT" time="19.926" errors="0">
  <testcase name="validUserAbleToLogin" time="19.926" classname="test.AddCustomerTest2"/>
</testsuite> <!-- test.AddCustomerTest2 -->
