<?xml version="1.0" encoding="UTF-8"?>
<!-- Generated by org.testng.reporters.JUnitReportReporter -->
<testsuite skipped="0" hostname="DESKTOP-J6NTI77" name="test.LoginTest2" tests="1" failures="0" timestamp="10 Jan 2023 05:57:26 GMT" time="7.923" errors="0">
  <testcase name="validUserAbleToLogin" time="7.923" classname="test.LoginTest2"/>
</testsuite> <!-- test.LoginTest2 -->
